<?xml version="1.0" encoding="UTF-8"?>
<!-- Generated by org.testng.reporters.JUnitReportReporter -->
<testsuite hostname="SharmilaBanu" failures="0" tests="1" name="Beauty.Loreal_Test" time="7.132" errors="0" timestamp="2024-02-20T10:56:14 GMT" skipped="0">
  <testcase classname="Beauty.Loreal_Test" name="demo" time="7.132"/>
  <system-out/>
</testsuite> <!-- Beauty.Loreal_Test -->
