<?xml version="1.0" encoding="UTF-8"?>
<!-- Generated by org.testng.reporters.JUnitReportReporter -->
<testsuite hostname="SharmilaBanu" failures="0" tests="1" name="FT.TestScript_01_Test" time="5.875" errors="0" timestamp="2024-02-19T11:38:15 GMT" skipped="0">
  <testcase classname="FT.TestScript_01_Test" name="demo" time="5.875"/>
  <system-out/>
</testsuite> <!-- FT.TestScript_01_Test -->
