<?xml version="1.0" encoding="UTF-8"?>
<!-- Generated by org.testng.reporters.JUnitReportReporter -->
<testsuite hostname="SharmilaBanu" failures="0" tests="1" name="Common.cinema_Test" time="9.896" errors="0" timestamp="2024-02-20T10:40:27 GMT" skipped="0">
  <testcase classname="Common.cinema_Test" name="demo" time="9.896"/>
  <system-out/>
</testsuite> <!-- Common.cinema_Test -->
